<?xml version="1.0" encoding="UTF-8"?>
<!-- Generated by org.testng.reporters.JUnitReportReporter -->
<testsuite hostname="LAPTOP-EV48PMBJ" failures="0" tests="2" name="Framework.ecommerce.ErrorValidations" time="15.670" errors="0" timestamp="2023-08-16T12:44:07 IST" skipped="0">
  <testcase classname="Framework.ecommerce.ErrorValidations" name="LoginErrorValidations" time="9.431"/>
  <system-out/>
  <testcase classname="Framework.ecommerce.ErrorValidations" name="passwordBlankErrorValidations" time="6.239"/>
  <system-out/>
</testsuite> <!-- Framework.ecommerce.ErrorValidations -->
