<?xml version="1.0" encoding="UTF-8"?>
<!-- Generated by org.testng.reporters.JUnitReportReporter -->
<testsuite hostname="LAPTOP-EV48PMBJ" failures="0" tests="2" name="Framework.ecommerce.ErrorValidationsTest" time="15.347" errors="0" timestamp="2023-10-05T19:55:59 IST" skipped="0">
  <testcase classname="Framework.ecommerce.ErrorValidationsTest" name="LoginErrorValidations" time="6.852"/>
  <system-out/>
  <testcase classname="Framework.ecommerce.ErrorValidationsTest" name="passwordBlankErrorValidations" time="8.495"/>
  <system-out/>
</testsuite> <!-- Framework.ecommerce.ErrorValidationsTest -->
